TN:
SF:contracts/JBBuybackDelegate.sol
FN:212,JBBuybackDelegate.payParams
FNDA:1026,JBBuybackDelegate.payParams
DA:219,1026
DA:222,1026
DA:224,1026
DA:226,1026
DA:227,1026
DA:228,1026
BRDA:228,0,0,514
BRDA:228,0,1,1026
DA:230,1026
BRDA:230,1,0,514
BRDA:230,1,1,512
DA:233,514
DA:235,512
DA:239,1026
BRDA:239,2,0,-
BRDA:239,2,1,239
DA:241,239
DA:242,239
DA:248,239
DA:252,787
FN:265,JBBuybackDelegate.didPay
FNDA:770,JBBuybackDelegate.didPay
DA:267,770
BRDA:267,3,0,256
BRDA:267,3,1,514
DA:268,256
DA:271,514
DA:274,514
DA:277,514
BRDA:277,4,0,256
BRDA:277,4,1,514
DA:280,514
BRDA:280,5,0,258
BRDA:280,5,1,514
DA:281,258
DA:283,258
DA:285,258
FN:294,JBBuybackDelegate.uniswapV3SwapCallback
FNDA:5,JBBuybackDelegate.uniswapV3SwapCallback
DA:296,5
BRDA:296,6,0,1
BRDA:296,6,1,4
DA:299,4
DA:302,4
DA:303,4
DA:304,4
DA:307,4
BRDA:307,7,0,2
BRDA:307,7,1,2
DA:308,2
DA:312,2
DA:313,2
FN:323,JBBuybackDelegate.redeemParams
FNDA:0,JBBuybackDelegate.redeemParams
DA:333,0
FN:341,JBBuybackDelegate.increaseSecondsAgo
FNDA:768,JBBuybackDelegate.increaseSecondsAgo
DA:342,512
DA:344,512
BRDA:344,8,0,256
BRDA:344,8,1,256
DA:346,256
DA:348,256
FN:356,JBBuybackDelegate.setTwapDelta
FNDA:512,JBBuybackDelegate.setTwapDelta
DA:357,256
DA:359,256
DA:361,256
FN:367,JBBuybackDelegate.sweep
FNDA:257,JBBuybackDelegate.sweep
DA:369,257
DA:372,257
BRDA:372,9,0,22
BRDA:372,9,1,235
DA:375,235
DA:378,235
DA:381,235
DA:382,235
BRDA:382,10,0,1
BRDA:382,10,1,234
DA:384,234
FN:398,JBBuybackDelegate._getQuote
FNDA:768,JBBuybackDelegate._getQuote
DA:400,768
DA:409,512
DA:412,512
DA:416,512
FN:432,JBBuybackDelegate._swap
FNDA:514,JBBuybackDelegate._swap
DA:437,514
DA:451,258
DA:459,258
DA:468,258
FN:477,JBBuybackDelegate._mint
FNDA:256,JBBuybackDelegate._mint
DA:479,256
DA:489,256
DA:493,256
FN:500,JBBuybackDelegate.supportsInterface
FNDA:0,JBBuybackDelegate.supportsInterface
DA:501,0
DA:502,0
FNF:11
FNH:9
LF:60
LH:57
BRF:22
BRH:21
end_of_record
TN:
SF:contracts/JBGenericBuybackDelegate.sol
FN:139,JBGenericBuybackDelegate.payParams
FNDA:1026,JBGenericBuybackDelegate.payParams
DA:146,1026
DA:149,1026
DA:152,1026
DA:156,1026
DA:159,1026
DA:160,1026
BRDA:160,0,0,514
BRDA:160,0,1,1026
DA:164,1026
BRDA:164,1,0,512
BRDA:164,1,1,1026
DA:167,1026
DA:170,1026
DA:173,1026
DA:176,1026
BRDA:176,2,0,512
BRDA:176,2,1,1026
DA:177,512
DA:181,1026
BRDA:181,3,0,-
BRDA:181,3,1,340
DA:183,596
BRDA:183,4,0,256
BRDA:183,4,1,340
DA:186,340
DA:189,340
DA:190,340
DA:197,340
DA:205,430
FN:211,JBGenericBuybackDelegate.secondsAgoOf
FNDA:768,JBGenericBuybackDelegate.secondsAgoOf
DA:212,768
FN:218,JBGenericBuybackDelegate.twapDeltaOf
FNDA:768,JBGenericBuybackDelegate.twapDeltaOf
DA:219,768
FN:225,JBGenericBuybackDelegate.redeemParams
FNDA:256,JBGenericBuybackDelegate.redeemParams
DA:231,256
FN:238,JBGenericBuybackDelegate.supportsInterface
FNDA:2816,JBGenericBuybackDelegate.supportsInterface
DA:239,2816
DA:240,2560
FN:251,JBGenericBuybackDelegate.didPay
FNDA:1537,JBGenericBuybackDelegate.didPay
DA:253,1537
BRDA:253,5,0,256
BRDA:253,5,1,1281
DA:254,256
DA:258,1281
DA:264,1281
DA:267,1281
DA:270,1281
BRDA:270,6,0,256
BRDA:270,6,1,1025
DA:273,1025
DA:278,1025
BRDA:278,7,0,513
BRDA:278,7,1,1025
FN:285,JBGenericBuybackDelegate.uniswapV3SwapCallback
FNDA:3,JBGenericBuybackDelegate.uniswapV3SwapCallback
DA:290,3
DA:293,3
DA:296,3
BRDA:296,8,0,1
BRDA:296,8,1,2
DA:299,2
DA:302,2
BRDA:302,9,0,-
BRDA:302,9,1,1
DA:305,2
FN:316,JBGenericBuybackDelegate.setPoolFor
FNDA:2051,JBGenericBuybackDelegate.setPoolFor
DA:322,2050
BRDA:322,10,0,512
BRDA:322,10,1,1538
DA:325,1538
BRDA:325,11,0,512
BRDA:325,11,1,1026
DA:328,1026
DA:331,1026
BRDA:331,12,0,256
BRDA:331,12,1,770
DA:334,770
BRDA:334,13,0,-
BRDA:334,13,1,770
DA:337,770
DA:340,770
DA:365,770
BRDA:365,14,0,256
BRDA:365,14,1,514
DA:368,514
DA:371,514
DA:372,514
DA:374,514
DA:375,514
DA:376,514
FN:383,JBGenericBuybackDelegate.changeSecondsAgo
FNDA:1024,JBGenericBuybackDelegate.changeSecondsAgo
DA:388,768
BRDA:388,15,0,512
BRDA:388,15,1,256
DA:389,512
DA:393,256
DA:396,256
DA:399,256
DA:401,256
FN:408,JBGenericBuybackDelegate.setTwapDelta
FNDA:1024,JBGenericBuybackDelegate.setTwapDelta
DA:413,768
BRDA:413,16,0,512
BRDA:413,16,1,256
DA:416,256
DA:419,256
DA:422,256
DA:424,256
FN:437,JBGenericBuybackDelegate._getQuote
FNDA:768,JBGenericBuybackDelegate._getQuote
DA:443,768
DA:446,768
DA:455,512
DA:456,512
DA:457,512
DA:460,512
DA:463,512
DA:471,512
FN:480,JBGenericBuybackDelegate._swap
FNDA:1281,JBGenericBuybackDelegate._swap
DA:487,1281
DA:490,1281
DA:505,513
DA:514,513
DA:523,513
FN:530,JBGenericBuybackDelegate._mint
FNDA:513,JBGenericBuybackDelegate._mint
DA:532,513
DA:542,513
BRDA:542,17,0,-
BRDA:542,17,1,256
DA:543,256
DA:547,513
DA:551,513
FNF:13
FNH:13
LF:81
LH:81
BRF:36
BRH:32
end_of_record
TN:
SF:contracts/mock/MockAllocator.sol
FN:18,MockAllocator.allocate
FNDA:0,MockAllocator.allocate
DA:21,0
DA:35,0
DA:36,0
DA:37,0
BRDA:37,0,0,-
BRDA:37,0,1,-
FN:40,MockAllocator.supportsInterface
FNDA:0,MockAllocator.supportsInterface
DA:41,0
FNF:2
FNH:0
LF:5
LH:0
BRF:2
BRH:0
end_of_record
TN:
SF:contracts/scripts/Deploy.s.sol
FN:27,DeployGeneric.setUp
FNDA:0,DeployGeneric.setUp
DA:28,0
BRDA:28,0,0,-
BRDA:28,0,1,-
DA:29,0
DA:30,0
DA:31,0
DA:32,0
BRDA:32,1,0,-
BRDA:32,1,1,-
DA:33,0
DA:34,0
DA:35,0
DA:36,0
BRDA:36,2,0,-
BRDA:36,2,1,-
DA:37,0
DA:38,0
DA:39,0
DA:41,0
DA:44,0
DA:55,0
FN:67,DeployGeneric.run
FNDA:0,DeployGeneric.run
DA:68,0
DA:69,0
DA:70,0
DA:71,0
DA:72,0
DA:73,0
DA:74,0
DA:75,0
DA:76,0
DA:78,0
DA:79,0
DA:87,0
DA:88,0
FNF:2
FNH:0
LF:28
LH:0
BRF:6
BRH:0
end_of_record
TN:
SF:contracts/test/JBBuybackDelegate_Unit.t.sol
FN:804,ForTest_BuybackDelegate.ForTest_getQuote
FNDA:256,ForTest_BuybackDelegate.ForTest_getQuote
DA:805,256
FN:808,ForTest_BuybackDelegate.ForTest_setSecondsAgo
FNDA:512,ForTest_BuybackDelegate.ForTest_setSecondsAgo
DA:809,512
FNF:2
FNH:2
LF:2
LH:2
BRF:0
BRH:0
end_of_record
TN:
SF:contracts/test/JBGenericBuybackDelegate_Unit.t.sol
FN:1381,ForTest_JBGenericBuybackDelegate.ForTest_getQuote
FNDA:256,ForTest_JBGenericBuybackDelegate.ForTest_getQuote
DA:1386,256
FN:1389,ForTest_JBGenericBuybackDelegate.ForTest_initPool
FNDA:2,ForTest_JBGenericBuybackDelegate.ForTest_initPool
DA:1397,2
DA:1398,2
DA:1399,2
FNF:2
FNH:2
LF:4
LH:4
BRF:0
BRH:0
end_of_record
TN:
SF:contracts/test/helpers/AccessJBLib.sol
FN:9,AccessJBLib.ETH
FNDA:0,AccessJBLib.ETH
DA:10,0
FN:13,AccessJBLib.USD
FNDA:0,AccessJBLib.USD
DA:14,0
FN:17,AccessJBLib.ETHToken
FNDA:0,AccessJBLib.ETHToken
DA:18,0
FN:21,AccessJBLib.MAX_FEE
FNDA:0,AccessJBLib.MAX_FEE
DA:22,0
FN:25,AccessJBLib.SPLITS_TOTAL_PERCENT
FNDA:0,AccessJBLib.SPLITS_TOTAL_PERCENT
DA:26,0
FNF:5
FNH:0
LF:5
LH:0
BRF:0
BRH:0
end_of_record
TN:
SF:contracts/test/helpers/PoolAddress.sol
FN:21,PoolAddress.getPoolKey
FNDA:0,PoolAddress.getPoolKey
DA:22,0
BRDA:22,0,0,-
BRDA:22,0,1,-
DA:23,0
FN:30,PoolAddress.computeAddress
FNDA:0,PoolAddress.computeAddress
DA:31,0
BRDA:31,1,0,-
BRDA:31,1,1,-
DA:32,0
FNF:2
FNH:0
LF:4
LH:0
BRF:4
BRH:0
end_of_record
TN:
SF:contracts/test/helpers/TestBaseWorkflowV3.sol
FN:68,TestBaseWorkflowV3.jbLibraries
FNDA:0,TestBaseWorkflowV3.jbLibraries
DA:69,0
FN:77,TestBaseWorkflowV3.setUp
FNDA:0,TestBaseWorkflowV3.setUp
DA:79,0
DA:80,0
DA:83,0
DA:84,0
DA:87,0
DA:88,0
DA:91,0
DA:92,0
DA:94,0
DA:97,0
DA:98,0
DA:101,0
DA:102,0
DA:105,0
DA:106,0
DA:109,0
DA:110,0
DA:112,0
DA:113,0
DA:116,0
DA:125,0
DA:127,0
DA:128,0
DA:131,0
DA:136,0
DA:139,0
DA:142,0
DA:152,0
FN:156,TestBaseWorkflowV3.addressFrom
FNDA:0,TestBaseWorkflowV3.addressFrom
DA:157,0
DA:158,0
BRDA:158,0,0,-
BRDA:158,0,1,-
DA:159,0
DA:160,0
BRDA:160,1,0,-
BRDA:160,1,1,-
DA:161,0
DA:162,0
BRDA:162,2,0,-
BRDA:162,2,1,-
DA:163,0
DA:164,0
BRDA:164,3,0,-
BRDA:164,3,1,-
DA:165,0
DA:166,0
BRDA:166,4,0,-
BRDA:166,4,1,-
DA:167,0
DA:169,0
DA:171,0
DA:174,0
FNF:3
FNH:0
LF:43
LH:0
BRF:10
BRH:0
end_of_record
